[07Dec2024 00:03:44.366] [Server thread/WARN] [net.minecraft.server.level.ServerLevel/]: Tried to add entity ancient_elements:undead_miner but it was marked as removed already
[07Dec2024 00:03:48.516] [Server thread/WARN] [net.minecraft.server.level.ServerLevel/]: Tried to add entity ancient_elements:undead_miner but it was marked as removed already
[07Dec2024 00:03:48.517] [Server thread/WARN] [net.minecraft.server.level.ServerLevel/]: Tried to add entity ancient_elements:undead_miner but it was marked as removed already
[07Dec2024 00:05:45.030] [Server thread/INFO] [net.minecraft.server.MinecraftServer/]: 3mptySh3ll has made the advancement [Suit Up]
[07Dec2024 00:06:01.765] [Server thread/WARN] [net.minecraft.server.level.ServerLevel/]: Tried to add entity ancient_elements:undead_miner but it was marked as removed already
[07Dec2024 00:07:21.277] [Server thread/INFO] [net.minecraft.server.MinecraftServer/]: 3mptySh3ll has made the advancement [Hunt and Gather]
[07Dec2024 00:11:16.265] [Server thread/WARN] [net.minecraft.server.level.ServerLevel/]: Tried to add entity ancient_elements:undead_miner but it was marked as removed already
[07Dec2024 00:11:16.266] [Server thread/WARN] [net.minecraft.server.level.ServerLevel/]: Tried to add entity ancient_elements:undead_miner but it was marked as removed already
[07Dec2024 00:13:39.762] [Server thread/INFO] [net.minecraft.server.MinecraftServer/]: 3mptySh3ll has made the advancement [Isn't It Iron Pick]
[07Dec2024 00:18:19.825] [Server thread/INFO] [net.minecraft.server.MinecraftServer/]: 3mptySh3ll has made the advancement [A Seedy Place]
[07Dec2024 00:23:21.251] [Server thread/INFO] [net.minecraft.server.MinecraftServer/]: Unknown or incomplete command, see below for error
[07Dec2024 00:23:21.253] [Server thread/INFO] [net.minecraft.server.MinecraftServer/]: hola<--[HERE]
[07Dec2024 00:27:19.866] [Server thread/WARN] [net.minecraft.server.level.ServerLevel/]: Tried to add entity ancient_elements:undead_miner but it was marked as removed already
[07Dec2024 00:27:39.315] [Server thread/WARN] [net.minecraft.server.level.ServerLevel/]: Tried to add entity ancient_elements:undead_miner but it was marked as removed already
[07Dec2024 00:29:05.924] [Server thread/INFO] [net.minecraft.server.MinecraftServer/]: 3mptySh3ll was pricked to death
[07Dec2024 00:30:28.465] [Server thread/WARN] [net.minecraft.server.level.ServerLevel/]: Tried to add entity ancient_elements:undead_miner but it was marked as removed already
[07Dec2024 00:38:46.067] [Server thread/WARN] [net.minecraft.server.level.ServerLevel/]: Tried to add entity ancient_elements:undead_miner but it was marked as removed already
[07Dec2024 00:39:41.716] [Server thread/WARN] [net.minecraft.server.level.ServerLevel/]: Tried to add entity ancient_elements:undead_miner but it was marked as removed already
[07Dec2024 00:42:12.423] [Server thread/INFO] [net.minecraft.server.network.ServerGamePacketListenerImpl/]: 3mptySh3ll lost connection: Timed out
[07Dec2024 00:42:12.424] [Server thread/INFO] [net.minecraft.server.MinecraftServer/]: 3mptySh3ll left the game
[07Dec2024 00:54:41.764] [Server thread/INFO] [net.minecraft.server.players.PlayerList/]: PanConPez[/[::1]:58616] logged in with entity id 28981 at (190.70745316350303, 121.0, 286.92733285409)
[07Dec2024 00:54:41.771] [Server thread/INFO] [net.minecraft.server.MinecraftServer/]: PanConPez joined the game
[07Dec2024 00:59:28.066] [Server thread/WARN] [net.minecraft.server.level.ServerLevel/]: Tried to add entity ancient_elements:undead_miner but it was marked as removed already
[07Dec2024 01:08:03.716] [Server thread/WARN] [net.minecraft.server.level.ServerLevel/]: Tried to add entity ancient_elements:undead_miner but it was marked as removed already
[07Dec2024 01:16:47.838] [Server thread/INFO] [net.minecraft.server.MinecraftServer/]: Unknown or incomplete command, see below for error
[07Dec2024 01:16:47.860] [Server thread/INFO] [net.minecraft.server.MinecraftServer/]: hola<--[HERE]
[07Dec2024 01:18:34.416] [Server thread/WARN] [net.minecraft.server.level.ServerLevel/]: Tried to add entity ancient_elements:undead_miner but it was marked as removed already
[07Dec2024 01:25:05.816] [Server thread/WARN] [net.minecraft.server.level.ServerLevel/]: Tried to add entity ancient_elements:undead_miner but it was marked as removed already
[07Dec2024 01:28:50.366] [Server thread/WARN] [net.minecraft.server.level.ServerLevel/]: Tried to add entity ancient_elements:undead_miner but it was marked as removed already
[07Dec2024 01:28:50.367] [Server thread/WARN] [net.minecraft.server.level.ServerLevel/]: Tried to add entity ancient_elements:undead_miner but it was marked as removed already
[07Dec2024 01:30:00.125] [Server thread/INFO] [net.minecraft.server.network.ServerGamePacketListenerImpl/]: PanConPez lost connection: Timed out
[07Dec2024 01:30:00.126] [Server thread/INFO] [net.minecraft.server.MinecraftServer/]: PanConPez left the game
[07Dec2024 02:02:58.465] [Server thread/INFO] [net.minecraft.server.MinecraftServer/]: Unknown or incomplete command, see below for error
[07Dec2024 02:02:58.466] [Server thread/INFO] [net.minecraft.server.MinecraftServer/]: hola<--[HERE]
[07Dec2024 02:06:29.422] [Server thread/INFO] [net.minecraft.server.network.ServerLoginPacketListenerImpl/]: com.mojang.authlib.GameProfile@74d965b2[id=<null>,name=SubPhoenix0304,properties={},legacy=false] (/[::1]:42866) lost connection: Timed out
[07Dec2024 02:06:36.483] [Server thread/INFO] [net.minecraft.server.players.PlayerList/]: SubPhoenix0304[/[::1]:56964] logged in with entity id 34403 at (651.0913541869387, -33.0, 825.5766241008176)
[07Dec2024 02:06:36.516] [Server thread/INFO] [net.minecraft.server.MinecraftServer/]: SubPhoenix0304 joined the game
[07Dec2024 02:28:53.378] [Server thread/INFO] [net.minecraft.server.network.ServerGamePacketListenerImpl/]: SubPhoenix0304 lost connection: Timed out
[07Dec2024 02:28:53.379] [Server thread/INFO] [net.minecraft.server.MinecraftServer/]: SubPhoenix0304 left the game
[07Dec2024 02:28:53.436] [Server thread/WARN] [net.minecraft.network.Connection/]: handleDisconnection() called twice
[07Dec2024 02:35:15.765] [Server thread/INFO] [net.minecraft.server.MinecraftServer/]: Unknown or incomplete command, see below for error
[07Dec2024 02:35:15.775] [Server thread/INFO] [net.minecraft.server.MinecraftServer/]: hola<--[HERE]
[07Dec2024 02:49:51.515] [Server thread/INFO] [net.minecraft.server.MinecraftServer/]: Unknown or incomplete command, see below for error
[07Dec2024 02:49:51.516] [Server thread/INFO] [net.minecraft.server.MinecraftServer/]: hola<--[HERE]
[07Dec2024 03:29:50.049] [Server thread/INFO] [net.minecraft.server.players.PlayerList/]: marzuyo[/[::1]:60732] logged in with entity id 38663 at (2205.375793863633, -33.5, -1400.3685564885338)
[07Dec2024 03:29:50.085] [Server thread/INFO] [net.minecraft.server.MinecraftServer/]: marzuyo joined the game
[07Dec2024 03:29:53.317] [Server thread/WARN] [net.minecraft.server.MinecraftServer/]: Can't keep up! Is the server overloaded? Running 3202ms or 64 ticks behind
[07Dec2024 03:30:20.483] [Worker-Main-238/WARN] [net.minecraft.server.level.WorldGenRegion/]: Tried to access a block entity before it was created. BlockPos{x=2015, y=29, z=-1300}
[07Dec2024 03:30:45.543] [Worker-Main-233/WARN] [net.minecraft.server.level.WorldGenRegion/]: Tried to access a block entity before it was created. BlockPos{x=1987, y=119, z=-1381}
[07Dec2024 03:30:45.545] [Worker-Main-233/WARN] [net.minecraft.server.level.WorldGenRegion/]: Tried to access a block entity before it was created. BlockPos{x=1987, y=119, z=-1381}
[07Dec2024 03:30:45.556] [Worker-Main-233/WARN] [net.minecraft.server.level.WorldGenRegion/]: Tried to access a block entity before it was created. BlockPos{x=1987, y=119, z=-1381}
[07Dec2024 03:35:12.395] [Server thread/ERROR] [net.minecraft.Util/]: POI data mismatch: already registered at BlockPos{x=2116, y=-42, z=-1122}
[07Dec2024 03:40:07.696] [Worker-Main-238/WARN] [net.minecraft.world.level.levelgen.structure.pools.JigsawPlacement/]: Empty or non-existent pool: minecraft:
[07Dec2024 03:40:07.697] [Worker-Main-238/WARN] [net.minecraft.world.level.levelgen.structure.pools.JigsawPlacement/]: Empty or non-existent pool: minecraft:
[07Dec2024 03:40:08.562] [Worker-Main-238/WARN] [net.minecraft.world.level.levelgen.structure.pools.JigsawPlacement/]: Empty or non-existent pool: minecraft:
[07Dec2024 03:40:08.563] [Worker-Main-238/WARN] [net.minecraft.world.level.levelgen.structure.pools.JigsawPlacement/]: Empty or non-existent pool: minecraft:
[07Dec2024 03:40:08.564] [Worker-Main-238/WARN] [net.minecraft.world.level.levelgen.structure.pools.JigsawPlacement/]: Empty or non-existent pool: minecraft:
[07Dec2024 03:40:08.584] [Worker-Main-238/WARN] [net.minecraft.world.level.levelgen.structure.pools.JigsawPlacement/]: Empty or non-existent pool: minecraft:
[07Dec2024 03:40:08.585] [Worker-Main-238/WARN] [net.minecraft.world.level.levelgen.structure.pools.JigsawPlacement/]: Empty or non-existent pool: minecraft:
[07Dec2024 03:40:08.586] [Worker-Main-238/WARN] [net.minecraft.world.level.levelgen.structure.pools.JigsawPlacement/]: Empty or non-existent pool: minecraft:
[07Dec2024 03:40:08.586] [Worker-Main-238/WARN] [net.minecraft.world.level.levelgen.structure.pools.JigsawPlacement/]: Empty or non-existent pool: minecraft:
[07Dec2024 03:40:27.714] [Server thread/WARN] [net.minecraft.server.network.ServerGamePacketListenerImpl/]: Hilda (vehicle of marzuyo) moved too quickly! 3.4491547242328124,-8.994733847143312,-4.403846728941744
[07Dec2024 03:40:27.728] [Server thread/WARN] [net.minecraft.server.network.ServerGamePacketListenerImpl/]: Hilda (vehicle of marzuyo) moved too quickly! 4.074994982032877,-8.994733847143312,-4.968644165402566
[07Dec2024 03:40:27.734] [Server thread/WARN] [net.minecraft.server.network.ServerGamePacketListenerImpl/]: Hilda (vehicle of marzuyo) moved too quickly! 4.7019068171553045,-8.994733847143312,-5.440795946899243
[07Dec2024 03:40:27.735] [Server thread/WARN] [net.minecraft.server.network.ServerGamePacketListenerImpl/]: Hilda (vehicle of marzuyo) moved too quickly! 5.329415833502026,-8.994733847143312,-5.830252469933384
[07Dec2024 03:41:23.845] [Server thread/WARN] [net.minecraft.world.level.entity.PersistentEntitySectionManager/]: UUID of added entity already exists: EntityDragonPart['Dragon Part'/42165, l='ServerLevel[world]', x=2177.32, y=-42.34, z=-1430.43]
[07Dec2024 03:41:23.854] [Server thread/WARN] [net.minecraft.world.level.entity.PersistentEntitySectionManager/]: UUID of added entity already exists: EntityDragonPart['Dragon Part'/42166, l='ServerLevel[world]', x=2176.48, y=-41.80, z=-1432.98]
[07Dec2024 03:41:23.856] [Server thread/WARN] [net.minecraft.world.level.entity.PersistentEntitySectionManager/]: UUID of added entity already exists: EntityDragonPart['Dragon Part'/42167, l='ServerLevel[world]', x=2176.55, y=-42.87, z=-1430.86]
[07Dec2024 03:41:23.859] [Server thread/WARN] [net.minecraft.world.level.entity.PersistentEntitySectionManager/]: UUID of added entity already exists: EntityDragonPart['Dragon Part'/42168, l='ServerLevel[world]', x=2177.15, y=-43.95, z=-1429.89]
[07Dec2024 03:41:23.862] [Server thread/WARN] [net.minecraft.world.level.entity.PersistentEntitySectionManager/]: UUID of added entity already exists: EntityDragonPart['Dragon Part'/42169, l='ServerLevel[world]', x=2176.83, y=-42.87, z=-1440.32]
[07Dec2024 03:41:23.863] [Server thread/WARN] [net.minecraft.world.level.entity.PersistentEntitySectionManager/]: UUID of added entity already exists: EntityDragonPart['Dragon Part'/42170, l='ServerLevel[world]', x=2176.38, y=-43.95, z=-1443.04]
[07Dec2024 03:41:23.864] [Server thread/WARN] [net.minecraft.world.level.entity.PersistentEntitySectionManager/]: UUID of added entity already exists: EntityDragonPart['Dragon Part'/42171, l='ServerLevel[world]', x=2177.10, y=-42.34, z=-1437.77]
[07Dec2024 03:41:23.865] [Server thread/WARN] [net.minecraft.world.level.entity.PersistentEntitySectionManager/]: UUID of added entity already exists: EntityDragonPart['Dragon Part'/42172, l='ServerLevel[world]', x=2177.31, y=-43.14, z=-1439.01]
[07Dec2024 03:41:23.866] [Server thread/WARN] [net.minecraft.world.level.entity.PersistentEntitySectionManager/]: UUID of added entity already exists: EntityDragonPart['Dragon Part'/42173, l='ServerLevel[world]', x=2176.22, y=-43.68, z=-1440.53]
[07Dec2024 03:41:23.868] [Server thread/WARN] [net.minecraft.world.level.entity.PersistentEntitySectionManager/]: UUID of added entity already exists: EntityDragonPart['Dragon Part'/42174, l='ServerLevel[world]', x=2176.30, y=-44.21, z=-1442.05]
[07Dec2024 03:42:00.977] [Server thread/INFO] [net.minecraft.server.MinecraftServer/]: marzuyo has made the advancement [Hidden in the Skies]
[07Dec2024 03:43:06.526] [Server thread/INFO] [net.minecraft.server.network.ServerGamePacketListenerImpl/]: marzuyo lost connection: Timed out
[07Dec2024 03:43:06.531] [Server thread/INFO] [net.minecraft.server.MinecraftServer/]: marzuyo left the game
[07Dec2024 03:50:26.610] [Server thread/INFO] [net.minecraft.server.players.PlayerList/]: 3mptySh3ll[/[::1]:49758] logged in with entity id 44289 at (83.30000001192093, 103.0, 82.2547155892749)
[07Dec2024 03:50:26.666] [Server thread/INFO] [net.minecraft.server.MinecraftServer/]: 3mptySh3ll joined the game
[07Dec2024 03:52:03.236] [Server thread/INFO] [net.minecraft.server.MinecraftServer/]: Unknown or incomplete command, see below for error
[07Dec2024 03:52:03.270] [Server thread/INFO] [net.minecraft.server.MinecraftServer/]: hola<--[HERE]
[07Dec2024 03:56:04.092] [Server thread/WARN] [net.minecraft.server.level.ServerPlayerGameMode/]: Mismatch in destroy block pos: BlockPos{x=85, y=103, z=70} BlockPos{x=83, y=102, z=71}
[07Dec2024 03:56:04.139] [Server thread/WARN] [net.minecraft.server.level.ServerPlayerGameMode/]: Mismatch in destroy block pos: BlockPos{x=85, y=103, z=70} BlockPos{x=83, y=102, z=71}
[07Dec2024 04:02:26.873] [Server thread/WARN] [net.minecraft.server.level.ServerPlayerGameMode/]: Mismatch in destroy block pos: BlockPos{x=96, y=105, z=104} BlockPos{x=97, y=105, z=104}
[07Dec2024 04:03:19.933] [Server thread/INFO] [net.minecraft.server.MinecraftServer/]: Unknown or incomplete command, see below for error
[07Dec2024 04:03:19.951] [Server thread/INFO] [net.minecraft.server.MinecraftServer/]: hola<--[HERE]
[07Dec2024 04:06:49.225] [Server thread/INFO] [net.minecraft.server.network.ServerLoginPacketListenerImpl/]: com.mojang.authlib.GameProfile@5c07777[id=<null>,name=KAMAIROKI,properties={},legacy=false] (/[::1]:33518) lost connection: Timed out
[07Dec2024 04:07:08.666] [Server thread/INFO] [net.minecraft.server.players.PlayerList/]: KAMAIROKI[/[::1]:53984] logged in with entity id 46479 at (-8.236686540625007, 70.0625, 117.91453684678838)
[07Dec2024 04:07:08.733] [Server thread/INFO] [net.minecraft.server.MinecraftServer/]: KAMAIROKI joined the game
[07Dec2024 04:07:24.253] [Server thread/INFO] [net.minecraft.server.MinecraftServer/]: [Not Secure] <3mptySh3ll> quien es kamairoki
[07Dec2024 04:07:30.114] [Server thread/INFO] [net.minecraft.server.MinecraftServer/]: [Not Secure] <3mptySh3ll> eres tu valeria
[07Dec2024 04:07:32.064] [Server thread/INFO] [net.minecraft.server.MinecraftServer/]: [Not Secure] <3mptySh3ll> ?
[07Dec2024 04:07:39.632] [Server thread/INFO] [net.minecraft.server.MinecraftServer/]: [Not Secure] <3mptySh3ll> no no es
[07Dec2024 04:08:07.266] [Server thread/WARN] [net.minecraft.server.level.ServerLevel/]: Tried to add entity ancient_elements:undead_miner but it was marked as removed already
[07Dec2024 04:09:55.165] [Server thread/WARN] [net.minecraft.server.level.ServerLevel/]: Tried to add entity ancient_elements:undead_miner but it was marked as removed already
[07Dec2024 04:11:15.218] [Server thread/WARN] [net.minecraft.server.level.ServerLevel/]: Tried to add entity ancient_elements:undead_miner but it was marked as removed already
[07Dec2024 04:11:24.527] [Server thread/INFO] [net.minecraft.server.MinecraftServer/]: KAMAIROKI has made the advancement [Ohhh Thats What Its Used For]
[07Dec2024 04:11:24.715] [Server thread/WARN] [net.minecraft.server.level.ServerLevel/]: Tried to add entity ancient_elements:undead_miner but it was marked as removed already
[07Dec2024 04:13:48.120] [Server thread/WARN] [net.minecraft.server.level.ServerLevel/]: Tried to add entity ancient_elements:undead_miner but it was marked as removed already
[07Dec2024 04:13:59.062] [Server thread/WARN] [net.minecraft.server.level.ServerLevel/]: Tried to add entity ancient_elements:stone_golem but it was marked as removed already
[07Dec2024 04:13:59.154] [Server thread/WARN] [net.minecraft.server.level.ServerLevel/]: Tried to add entity ancient_elements:stone_golem but it was marked as removed already
[07Dec2024 04:13:59.225] [Server thread/WARN] [net.minecraft.server.MinecraftServer/]: Can't keep up! Is the server overloaded? Running 2010ms or 40 ticks behind
[07Dec2024 04:14:03.350] [Server thread/INFO] [net.minecraft.server.MinecraftServer/]: [KAMAIROKI: Teleported KAMAIROKI to 159.500000, 57.000000, 4527.500000]
[07Dec2024 04:14:23.643] [Server thread/INFO] [net.minecraft.server.MinecraftServer/]: 3mptySh3ll was shot by Skeleton
[07Dec2024 04:16:41.340] [Server thread/INFO] [net.minecraft.server.MinecraftServer/]: KAMAIROKI was killed
[07Dec2024 04:16:41.343] [Server thread/INFO] [net.minecraft.server.MinecraftServer/]: [KAMAIROKI: Killed KAMAIROKI]
[07Dec2024 04:18:37.666] [Server thread/WARN] [net.minecraft.server.level.ServerLevel/]: Tried to add entity ancient_elements:stone_golem but it was marked as removed already
[07Dec2024 04:19:08.042] [Server thread/INFO] [net.minecraft.server.MinecraftServer/]: [KAMAIROKI: Teleported KAMAIROKI to 159.500000, 57.000000, 4527.500000]
[07Dec2024 04:19:59.298] [Server thread/INFO] [net.minecraft.server.network.ServerGamePacketListenerImpl/]: 3mptySh3ll lost connection: Timed out
[07Dec2024 04:19:59.300] [Server thread/INFO] [net.minecraft.server.MinecraftServer/]: 3mptySh3ll left the game
[07Dec2024 04:20:25.086] [Server thread/INFO] [net.minecraft.server.players.PlayerList/]: 3mptySh3ll[/[::1]:56012] logged in with entity id 50359 at (50.69999998807907, 4.0, -61.62216884552952)
[07Dec2024 04:20:25.111] [Server thread/INFO] [net.minecraft.server.MinecraftServer/]: 3mptySh3ll joined the game
[07Dec2024 04:20:45.256] [Server thread/INFO] [net.minecraft.server.MinecraftServer/]: 3mptySh3ll has made the advancement [Diamonds!]
[07Dec2024 04:23:03.916] [Server thread/WARN] [net.minecraft.server.level.ServerLevel/]: Tried to add entity ancient_elements:undead_miner but it was marked as removed already
[07Dec2024 04:29:55.991] [Server thread/INFO] [net.minecraft.server.network.ServerGamePacketListenerImpl/]: 3mptySh3ll lost connection: Timed out
[07Dec2024 04:29:55.992] [Server thread/INFO] [net.minecraft.server.MinecraftServer/]: 3mptySh3ll left the game
[07Dec2024 04:31:05.984] [Server thread/INFO] [net.minecraft.server.players.PlayerList/]: 3mptySh3ll[/[::1]:53398] logged in with entity id 52686 at (36.51571734550294, 6.0, -86.69999998807907)
[07Dec2024 04:31:06.002] [Server thread/INFO] [net.minecraft.server.MinecraftServer/]: 3mptySh3ll joined the game
[07Dec2024 04:31:19.382] [Server thread/INFO] [net.minecraft.server.network.ServerGamePacketListenerImpl/]: 3mptySh3ll lost connection: You logged in from another location
[07Dec2024 04:31:19.383] [Server thread/INFO] [net.minecraft.server.MinecraftServer/]: 3mptySh3ll left the game
[07Dec2024 04:31:19.392] [Server thread/INFO] [net.minecraft.server.players.PlayerList/]: 3mptySh3ll[/[::1]:47572] logged in with entity id 52895 at (36.51571734550294, 6.0, -86.69999998807907)
[07Dec2024 04:31:19.397] [Server thread/INFO] [net.minecraft.server.MinecraftServer/]: 3mptySh3ll joined the game
[07Dec2024 04:31:49.435] [Server thread/INFO] [net.minecraft.server.network.ServerGamePacketListenerImpl/]: 3mptySh3ll lost connection: Timed out
[07Dec2024 04:31:49.436] [Server thread/INFO] [net.minecraft.server.MinecraftServer/]: 3mptySh3ll left the game
[07Dec2024 04:31:49.495] [Server thread/WARN] [net.minecraft.network.Connection/]: handleDisconnection() called twice
[07Dec2024 04:35:08.941] [Server thread/INFO] [net.minecraft.server.players.PlayerList/]: 3mptySh3ll[/[::1]:54848] logged in with entity id 53794 at (36.51571734550294, 6.0, -86.69999998807907)
[07Dec2024 04:35:08.952] [Server thread/INFO] [net.minecraft.server.MinecraftServer/]: 3mptySh3ll joined the game
[07Dec2024 04:36:56.037] [Server thread/INFO] [net.minecraft.server.MinecraftServer/]: KAMAIROKI was killed
[07Dec2024 04:36:56.039] [Server thread/INFO] [net.minecraft.server.MinecraftServer/]: [KAMAIROKI: Killed KAMAIROKI]
[07Dec2024 04:38:34.340] [Server thread/INFO] [net.minecraft.server.MinecraftServer/]: 3mptySh3ll was killed by Necromancer's magic missile
[07Dec2024 04:39:06.492] [Server thread/INFO] [net.minecraft.server.MinecraftServer/]: [KAMAIROKI: Teleported KAMAIROKI to 2398.500000, -5.000000, -1435.500000]
[07Dec2024 04:39:11.266] [Server thread/WARN] [net.minecraft.server.MinecraftServer/]: Can't keep up! Is the server overloaded? Running 2301ms or 46 ticks behind
[07Dec2024 04:39:28.722] [Server thread/WARN] [net.minecraft.server.MinecraftServer/]: Can't keep up! Is the server overloaded? Running 2007ms or 40 ticks behind
[07Dec2024 04:41:37.866] [Server thread/WARN] [net.minecraft.server.level.ServerLevel/]: Tried to add entity ancient_elements:undead_miner but it was marked as removed already
[07Dec2024 04:41:39.838] [Server thread/INFO] [net.minecraft.server.network.ServerGamePacketListenerImpl/]: 3mptySh3ll lost connection: Timed out
[07Dec2024 04:41:39.839] [Server thread/INFO] [net.minecraft.server.MinecraftServer/]: 3mptySh3ll left the game
[07Dec2024 04:42:57.136] [Server thread/INFO] [net.minecraft.server.MinecraftServer/]: KAMAIROKI tried to swim in lava
[07Dec2024 04:43:33.831] [Server thread/INFO] [net.minecraft.server.MinecraftServer/]: [KAMAIROKI: Teleported KAMAIROKI to 2398.500000, -5.000000, -1435.500000]
[07Dec2024 04:43:38.077] [Server thread/WARN] [net.minecraft.server.MinecraftServer/]: Can't keep up! Is the server overloaded? Running 2012ms or 40 ticks behind
[07Dec2024 04:45:28.874] [Server thread/INFO] [net.minecraft.server.MinecraftServer/]: KAMAIROKI was blown up by Creeper
[07Dec2024 04:45:40.455] [Server thread/INFO] [net.minecraft.server.MinecraftServer/]: [KAMAIROKI: Teleported KAMAIROKI to 2398.500000, -5.000000, -1435.500000]
[07Dec2024 04:45:44.237] [Server thread/WARN] [net.minecraft.server.MinecraftServer/]: Can't keep up! Is the server overloaded? Running 2023ms or 40 ticks behind
[07Dec2024 04:46:10.445] [Server thread/INFO] [net.minecraft.server.MinecraftServer/]: Unknown or incomplete command, see below for error
[07Dec2024 04:46:10.446] [Server thread/INFO] [net.minecraft.server.MinecraftServer/]: hola<--[HERE]
[07Dec2024 04:47:38.447] [Server thread/INFO] [net.minecraft.server.MinecraftServer/]: KAMAIROKI fell from a high place
[07Dec2024 04:47:48.400] [Server thread/INFO] [net.minecraft.server.MinecraftServer/]: [KAMAIROKI: Teleported KAMAIROKI to 2396.500000, -46.000000, -1360.500000]
[07Dec2024 04:47:54.119] [Server thread/WARN] [net.minecraft.server.MinecraftServer/]: Can't keep up! Is the server overloaded? Running 2004ms or 40 ticks behind
[07Dec2024 04:48:47.293] [Server thread/INFO] [net.minecraft.server.MinecraftServer/]: KAMAIROKI was slain by Brainiac
[07Dec2024 04:49:02.531] [Server thread/INFO] [net.minecraft.server.MinecraftServer/]: [KAMAIROKI: Teleported KAMAIROKI to 2365.500000, -46.000000, -1412.500000]
[07Dec2024 04:49:06.415] [Server thread/WARN] [net.minecraft.server.MinecraftServer/]: Can't keep up! Is the server overloaded? Running 2250ms or 45 ticks behind
[07Dec2024 04:49:09.208] [Server thread/INFO] [net.minecraft.server.MinecraftServer/]: KAMAIROKI has made the advancement [Crisis Adverted]
[07Dec2024 04:51:46.376] [Server thread/INFO] [net.minecraft.server.MinecraftServer/]: KAMAIROKI was slain by Spider
[07Dec2024 04:51:49.218] [Server thread/WARN] [net.minecraft.server.level.ServerLevel/]: Tried to add entity ancient_elements:undead_miner but it was marked as removed already
[07Dec2024 04:51:49.219] [Server thread/WARN] [net.minecraft.server.level.ServerLevel/]: Tried to add entity ancient_elements:undead_miner but it was marked as removed already
[07Dec2024 04:53:28.261] [Server thread/INFO] [net.minecraft.server.players.PlayerList/]: Crying0bsidian[/[::1]:55688] logged in with entity id 62242 at (-15.498127278319982, 60.0, 120.58042598930228)
[07Dec2024 04:53:28.299] [Server thread/INFO] [net.minecraft.server.MinecraftServer/]: Crying0bsidian joined the game
[07Dec2024 04:53:53.452] [Server thread/INFO] [net.minecraft.server.players.PlayerList/]: Tr3sCu4tro[/[::1]:47832] logged in with entity id 62293 at (6509.300000011921, 86.0, 1469.699999988079)
[07Dec2024 04:53:53.466] [Server thread/INFO] [net.minecraft.server.MinecraftServer/]: Tr3sCu4tro joined the game
[07Dec2024 04:53:55.639] [Server thread/WARN] [net.minecraft.server.network.ServerGamePacketListenerImpl/]: KAMAIROKI moved too quickly! 9.41578710885486,0.0,3.8443683030318994
[07Dec2024 04:53:55.665] [Server thread/WARN] [net.minecraft.server.MinecraftServer/]: Can't keep up! Is the server overloaded? Running 2150ms or 43 ticks behind
[07Dec2024 04:54:12.723] [Server thread/WARN] [net.minecraft.server.MinecraftServer/]: Can't keep up! Is the server overloaded? Running 2058ms or 41 ticks behind
[07Dec2024 04:54:13.486] [Server thread/ERROR] [net.minecraft.Util/]: Invalid entity rotation: NaN, discarding.
[07Dec2024 04:54:15.425] [Server thread/ERROR] [net.minecraft.Util/]: Invalid entity rotation: NaN, discarding.
[07Dec2024 04:54:17.385] [Server thread/INFO] [net.minecraft.server.MinecraftServer/]: [Tr3sCu4tro: Teleported Tr3sCu4tro to Crying0bsidian]
[07Dec2024 04:54:55.726] [Server thread/INFO] [net.minecraft.server.MinecraftServer/]: [Not Secure] <Tr3sCu4tro> Oe bobeas encontraron ayer la dungeon de desierto?
[07Dec2024 04:55:04.694] [Server thread/INFO] [net.minecraft.server.MinecraftServer/]: [Not Secure] <Tr3sCu4tro> que cosa
[07Dec2024 04:55:11.759] [Server thread/INFO] [net.minecraft.server.MinecraftServer/]: [Not Secure] <Tr3sCu4tro> serio?
[07Dec2024 04:55:17.053] [Server thread/INFO] [net.minecraft.server.MinecraftServer/]: [Not Secure] <Tr3sCu4tro> para que
[07Dec2024 04:55:56.595] [Server thread/INFO] [net.minecraft.server.MinecraftServer/]: [KAMAIROKI: Teleported KAMAIROKI to 2373.500000, -46.000000, -1414.500000]
[07Dec2024 04:56:04.161] [Server thread/WARN] [net.minecraft.server.MinecraftServer/]: Can't keep up! Is the server overloaded? Running 2247ms or 44 ticks behind
[07Dec2024 04:56:05.082] [Server thread/INFO] [net.minecraft.server.MinecraftServer/]: [Not Secure] <Tr3sCu4tro> tienen las coordenadas?
[07Dec2024 04:56:09.464] [Server thread/WARN] [net.minecraft.server.network.ServerGamePacketListenerImpl/]: Tr3sCu4tro moved too quickly! 0.6449636024010807,-2.8448079378887883,-10.102311674374477
[07Dec2024 04:56:21.246] [Server thread/WARN] [net.minecraft.server.MinecraftServer/]: Can't keep up! Is the server overloaded? Running 2131ms or 42 ticks behind
[07Dec2024 04:56:58.609] [Server thread/INFO] [net.minecraft.server.MinecraftServer/]: [Not Secure] <Tr3sCu4tro> crece solo
[07Dec2024 04:57:29.324] [Server thread/INFO] [net.minecraft.server.MinecraftServer/]: KAMAIROKI has made the advancement [Ghost! Ghost! Toast?]
[07Dec2024 04:58:31.822] [Server thread/INFO] [net.minecraft.server.MinecraftServer/]: Unknown or incomplete command, see below for error
[07Dec2024 04:58:31.823] [Server thread/INFO] [net.minecraft.server.MinecraftServer/]: hola<--[HERE]
[07Dec2024 05:07:30.085] [Server thread/WARN] [net.minecraft.server.MinecraftServer/]: Can't keep up! Is the server overloaded? Running 2021ms or 40 ticks behind
[07Dec2024 05:07:55.437] [Server thread/WARN] [net.minecraft.server.MinecraftServer/]: Can't keep up! Is the server overloaded? Running 10372ms or 207 ticks behind
[07Dec2024 05:09:18.909] [Server thread/INFO] [net.minecraft.server.MinecraftServer/]: [Not Secure] <Tr3sCu4tro> ya
[07Dec2024 05:09:44.790] [Server thread/INFO] [net.minecraft.server.MinecraftServer/]: KAMAIROKI was killed
[07Dec2024 05:09:44.791] [Server thread/INFO] [net.minecraft.server.MinecraftServer/]: [KAMAIROKI: Killed KAMAIROKI]
[07Dec2024 05:09:50.928] [Server thread/INFO] [net.minecraft.server.MinecraftServer/]: KAMAIROKI has reached the goal [The Ray Cat Solution]
[07Dec2024 05:10:55.708] [Server thread/INFO] [net.minecraft.server.MinecraftServer/]: [Not Secure] <Tr3sCu4tro> que es eso
[07Dec2024 05:11:06.986] [Server thread/INFO] [net.minecraft.server.MinecraftServer/]: KAMAIROKI was slain by Tr3sCu4tro
[07Dec2024 05:11:13.659] [Server thread/INFO] [net.minecraft.server.MinecraftServer/]: [Not Secure] <Tr3sCu4tro> soy chernobyl
[07Dec2024 05:11:15.997] [Server thread/INFO] [net.minecraft.server.MinecraftServer/]: [Not Secure] <Tr3sCu4tro> huevon
[07Dec2024 05:11:58.030] [Server thread/INFO] [net.minecraft.server.MinecraftServer/]: [KAMAIROKI: Teleported KAMAIROKI to 2.500000, 60.000000, 111.500000]
[07Dec2024 05:12:05.353] [Server thread/INFO] [net.minecraft.server.MinecraftServer/]: [KAMAIROKI: Teleported KAMAIROKI to 2398.500000, -5.000000, -1435.500000]
[07Dec2024 05:12:11.367] [Server thread/WARN] [net.minecraft.server.MinecraftServer/]: Can't keep up! Is the server overloaded? Running 2052ms or 41 ticks behind
[07Dec2024 05:13:48.151] [Server thread/INFO] [net.minecraft.server.MinecraftServer/]: KAMAIROKI was slain by Brainiac
[07Dec2024 05:13:50.352] [Server thread/INFO] [net.minecraft.server.MinecraftServer/]: Crying0bsidian has completed the challenge [Drakvyrn Slayer]
[07Dec2024 05:13:55.589] [Server thread/INFO] [net.minecraft.server.MinecraftServer/]: [KAMAIROKI: Teleported KAMAIROKI to 2369.500000, -48.000000, -1379.500000]
[07Dec2024 05:14:05.188] [Server thread/INFO] [net.minecraft.server.MinecraftServer/]: KAMAIROKI was killed
[07Dec2024 05:14:05.190] [Server thread/INFO] [net.minecraft.server.MinecraftServer/]: [KAMAIROKI: Killed KAMAIROKI]
[07Dec2024 05:17:51.634] [Server thread/INFO] [net.minecraft.server.MinecraftServer/]: [Not Secure] <Tr3sCu4tro> para que es ese horno?
[07Dec2024 05:18:00.762] [Server thread/INFO] [net.minecraft.server.MinecraftServer/]: [Not Secure] <Tr3sCu4tro> serio?
[07Dec2024 05:18:26.986] [Server thread/INFO] [net.minecraft.server.MinecraftServer/]: Crying0bsidian has made the advancement [Ancient Ring]
[07Dec2024 05:19:27.230] [Server thread/INFO] [net.minecraft.server.MinecraftServer/]: [Not Secure] <Tr3sCu4tro> si cocina rapido
[07Dec2024 05:19:39.952] [Server thread/INFO] [net.minecraft.server.MinecraftServer/]: [Not Secure] <Tr3sCu4tro> ya manos que hacemos
[07Dec2024 05:20:53.136] [Server thread/INFO] [net.minecraft.server.MinecraftServer/]: [Not Secure] <Tr3sCu4tro> Oe verdad te fijaste en el foro lo de los dinosaurios?
[07Dec2024 05:25:05.777] [Server thread/INFO] [net.minecraft.server.MinecraftServer/]: Crying0bsidian was killed
[07Dec2024 05:25:05.779] [Server thread/INFO] [net.minecraft.server.MinecraftServer/]: [Crying0bsidian: Killed Crying0bsidian]
[07Dec2024 05:26:00.704] [Server thread/INFO] [net.minecraft.server.MinecraftServer/]: [Not Secure] <Tr3sCu4tro> safo amigos
[07Dec2024 05:26:27.726] [Server thread/INFO] [net.minecraft.server.network.ServerGamePacketListenerImpl/]: Tr3sCu4tro lost connection: Timed out
[07Dec2024 05:26:27.727] [Server thread/INFO] [net.minecraft.server.MinecraftServer/]: Tr3sCu4tro left the game
[07Dec2024 05:33:19.808] [Server thread/WARN] [net.minecraft.server.network.ServerGamePacketListenerImpl/]: Crying0bsidian moved too quickly! 9.323692096996272,0.5,3.6605231106883593
[07Dec2024 05:33:19.837] [Server thread/WARN] [net.minecraft.server.MinecraftServer/]: Can't keep up! Is the server overloaded? Running 3622ms or 72 ticks behind
[07Dec2024 05:37:22.227] [Server thread/INFO] [net.minecraft.server.players.PlayerList/]: thekiller[/[::1]:46982] logged in with entity id 76413 at (196.5, 63.0, 136.5)
[07Dec2024 05:37:22.305] [Server thread/INFO] [net.minecraft.server.MinecraftServer/]: thekiller joined the game
[07Dec2024 05:37:22.439] [Server thread/INFO] [moe.plushie.armourers_workshop.ArmourersWorkshop/]: give a christmas-season gift sack for the thekiller
[07Dec2024 05:37:22.480] [Server thread/INFO] [net.minecraft.server.MinecraftServer/]: thekiller has made the advancement [Ice and Fire]
[07Dec2024 05:37:22.480] [Server thread/INFO] [net.minecraft.server.MinecraftServer/]: thekiller has completed the challenge [Choup's Drakvyrn Mod !]
[07Dec2024 05:37:59.447] [Server thread/INFO] [net.minecraft.server.MinecraftServer/]: [Crying0bsidian: Teleported thekiller to Crying0bsidian]
[07Dec2024 05:38:30.627] [Server thread/INFO] [net.minecraft.server.MinecraftServer/]: thekiller was slain by Zombie
[07Dec2024 05:38:56.701] [Server thread/INFO] [net.minecraft.server.MinecraftServer/]: Crying0bsidian was zapped with a raygun by KAMAIROKI
[07Dec2024 05:39:34.939] [Server thread/INFO] [net.minecraft.server.MinecraftServer/]: [KAMAIROKI: Teleported KAMAIROKI to 159.500000, 57.000000, 4527.500000]
[07Dec2024 05:43:37.837] [Server thread/INFO] [net.minecraft.server.network.ServerGamePacketListenerImpl/]: thekiller lost connection: Timed out
[07Dec2024 05:43:37.837] [Server thread/INFO] [net.minecraft.server.MinecraftServer/]: thekiller left the game
